<?xml version="1.0" encoding="UTF-8"?>
<!-- Generated by org.testng.reporters.JUnitReportReporter -->
<testsuite skipped="0" hostname="DESKTOP-A79N1FP" name="com.basic.TestGoogle.FirstGoogleTest" tests="1" failures="0" timestamp="09 Jan 2021 07:16:27 GMT" time="2.613" errors="0">
  <testcase name="testGoogle" time="2.613" classname="com.basic.TestGoogle.FirstGoogleTest"/>
</testsuite> <!-- com.basic.TestGoogle.FirstGoogleTest -->
